<?xml version="1.0" encoding="UTF-8"?>
<!-- Generated by org.testng.reporters.JUnitReportReporter -->
<testsuite hostname="Saibaba" name="com.opencart.pages.HomePage" tests="1" failures="0" timestamp="4 Sep 2015 03:30:59 GMT" time="25.631" errors="0">
  <testcase name="clickDemoLink" time="25.631" classname="com.opencart.pages.HomePage"/>
</testsuite> <!-- com.opencart.pages.HomePage -->
